
> vibe-generated-app@1.0.0 dev
> vite


  VITE v5.4.20  ready in 235 ms

  ➜  Local:   http://localhost:3000/
  ➜  Network: http://172.20.15.20:3000/
3:04:17 PM [vite] Pre-transform error: Failed to resolve import "chart.js/auto" from "src/App.jsx". Does the file exist?
3:04:17 PM [vite] Internal server error: Failed to resolve import "chart.js/auto" from "src/App.jsx". Does the file exist?
  Plugin: vite:import-analysis
  File: /home/workspace/src/App.jsx:39:11
  61 |    const canvasRef = useRef(null);
  62 |    useEffect(() => {
  63 |      import("chart.js/auto").then(({ default: Chart }) => {
     |             ^
  64 |        const ctx = canvasRef.current.getContext("2d");
  65 |        const c = new Chart(ctx, {
      at TransformPluginContext._formatError (file:///home/workspace/node_modules/vite/dist/node/chunks/dep-D_zLpgQd.js:49258:41)
      at TransformPluginContext.error (file:///home/workspace/node_modules/vite/dist/node/chunks/dep-D_zLpgQd.js:49253:16)
      at normalizeUrl (file:///home/workspace/node_modules/vite/dist/node/chunks/dep-D_zLpgQd.js:64306:23)
      at process.processTicksAndRejections (node:internal/process/task_queues:105:5)
      at async file:///home/workspace/node_modules/vite/dist/node/chunks/dep-D_zLpgQd.js:64438:39
      at async Promise.all (index 3)
      at async TransformPluginContext.transform (file:///home/workspace/node_modules/vite/dist/node/chunks/dep-D_zLpgQd.js:64365:7)
      at async PluginContainer.transform (file:///home/workspace/node_modules/vite/dist/node/chunks/dep-D_zLpgQd.js:49099:18)
      at async loadAndTransform (file:///home/workspace/node_modules/vite/dist/node/chunks/dep-D_zLpgQd.js:51977:27)
      at async viteTransformMiddleware (file:///home/workspace/node_modules/vite/dist/node/chunks/dep-D_zLpgQd.js:62105:24)
3:04:47 PM [vite] Internal server error: Failed to resolve import "chart.js/auto" from "src/App.jsx". Does the file exist?
  Plugin: vite:import-analysis
  File: /home/workspace/src/App.jsx:39:11
  61 |    const canvasRef = useRef(null);
  62 |    useEffect(() => {
  63 |      import("chart.js/auto").then(({ default: Chart }) => {
     |             ^
  64 |        const ctx = canvasRef.current.getContext("2d");
  65 |        const c = new Chart(ctx, {
      at TransformPluginContext._formatError (file:///home/workspace/node_modules/vite/dist/node/chunks/dep-D_zLpgQd.js:49258:41)
      at TransformPluginContext.error (file:///home/workspace/node_modules/vite/dist/node/chunks/dep-D_zLpgQd.js:49253:16)
      at normalizeUrl (file:///home/workspace/node_modules/vite/dist/node/chunks/dep-D_zLpgQd.js:64306:23)
      at process.processTicksAndRejections (node:internal/process/task_queues:105:5)
      at async file:///home/workspace/node_modules/vite/dist/node/chunks/dep-D_zLpgQd.js:64438:39
      at async Promise.all (index 3)
      at async TransformPluginContext.transform (file:///home/workspace/node_modules/vite/dist/node/chunks/dep-D_zLpgQd.js:64365:7)
      at async PluginContainer.transform (file:///home/workspace/node_modules/vite/dist/node/chunks/dep-D_zLpgQd.js:49099:18)
      at async loadAndTransform (file:///home/workspace/node_modules/vite/dist/node/chunks/dep-D_zLpgQd.js:51977:27)
      at async viteTransformMiddleware (file:///home/workspace/node_modules/vite/dist/node/chunks/dep-D_zLpgQd.js:62105:24)
3:05:21 PM [vite] Internal server error: Failed to resolve import "chart.js/auto" from "src/App.jsx". Does the file exist?
  Plugin: vite:import-analysis
  File: /home/workspace/src/App.jsx:39:11
  61 |    const canvasRef = useRef(null);
  62 |    useEffect(() => {
  63 |      import("chart.js/auto").then(({ default: Chart }) => {
     |             ^
  64 |        const ctx = canvasRef.current.getContext("2d");
  65 |        const c = new Chart(ctx, {
      at TransformPluginContext._formatError (file:///home/workspace/node_modules/vite/dist/node/chunks/dep-D_zLpgQd.js:49258:41)
      at TransformPluginContext.error (file:///home/workspace/node_modules/vite/dist/node/chunks/dep-D_zLpgQd.js:49253:16)
      at normalizeUrl (file:///home/workspace/node_modules/vite/dist/node/chunks/dep-D_zLpgQd.js:64306:23)
      at process.processTicksAndRejections (node:internal/process/task_queues:105:5)
      at async file:///home/workspace/node_modules/vite/dist/node/chunks/dep-D_zLpgQd.js:64438:39
      at async Promise.all (index 3)
      at async TransformPluginContext.transform (file:///home/workspace/node_modules/vite/dist/node/chunks/dep-D_zLpgQd.js:64365:7)
      at async PluginContainer.transform (file:///home/workspace/node_modules/vite/dist/node/chunks/dep-D_zLpgQd.js:49099:18)
      at async loadAndTransform (file:///home/workspace/node_modules/vite/dist/node/chunks/dep-D_zLpgQd.js:51977:27)
      at async viteTransformMiddleware (file:///home/workspace/node_modules/vite/dist/node/chunks/dep-D_zLpgQd.js:62105:24)
